c:\users\zjp\desktop\compressed\libconfig-master\libconfig-master\lib\libconfig++.debug\vc120.pdb
c:\users\zjp\desktop\compressed\libconfig-master\libconfig-master\lib\libconfig++.debug\wincompat.obj
c:\users\zjp\desktop\compressed\libconfig-master\libconfig-master\lib\libconfig++.debug\util.obj
c:\users\zjp\desktop\compressed\libconfig-master\libconfig-master\lib\libconfig++.debug\strvec.obj
c:\users\zjp\desktop\compressed\libconfig-master\libconfig-master\lib\libconfig++.debug\strbuf.obj
c:\users\zjp\desktop\compressed\libconfig-master\libconfig-master\lib\libconfig++.debug\scanner.obj
c:\users\zjp\desktop\compressed\libconfig-master\libconfig-master\lib\libconfig++.debug\scanctx.obj
c:\users\zjp\desktop\compressed\libconfig-master\libconfig-master\lib\libconfig++.debug\libconfig.obj
c:\users\zjp\desktop\compressed\libconfig-master\libconfig-master\lib\libconfig++.debug\grammar.obj
c:\users\zjp\desktop\compressed\libconfig-master\libconfig-master\lib\libconfig++.debug\libconfigcpp.obj
c:\users\zjp\desktop\compressed\libconfig-master\libconfig-master\debug\libconfig++.pdb
c:\users\zjp\desktop\compressed\libconfig-master\libconfig-master\lib\libconfig++.debug\libconfig++.tlog\cl.command.1.tlog
c:\users\zjp\desktop\compressed\libconfig-master\libconfig-master\lib\libconfig++.debug\libconfig++.tlog\cl.read.1.tlog
c:\users\zjp\desktop\compressed\libconfig-master\libconfig-master\lib\libconfig++.debug\libconfig++.tlog\cl.write.1.tlog
c:\users\zjp\desktop\compressed\libconfig-master\libconfig-master\lib\libconfig++.debug\libconfig++.tlog\link-cvtres.read.1.tlog
c:\users\zjp\desktop\compressed\libconfig-master\libconfig-master\lib\libconfig++.debug\libconfig++.tlog\link-cvtres.write.1.tlog
c:\users\zjp\desktop\compressed\libconfig-master\libconfig-master\lib\libconfig++.debug\libconfig++.tlog\link-rc.read.1.tlog
c:\users\zjp\desktop\compressed\libconfig-master\libconfig-master\lib\libconfig++.debug\libconfig++.tlog\link-rc.write.1.tlog
c:\users\zjp\desktop\compressed\libconfig-master\libconfig-master\lib\libconfig++.debug\libconfig++.tlog\link.command.1.tlog
c:\users\zjp\desktop\compressed\libconfig-master\libconfig-master\lib\libconfig++.debug\libconfig++.tlog\link.read.1.tlog
c:\users\zjp\desktop\compressed\libconfig-master\libconfig-master\lib\libconfig++.debug\libconfig++.tlog\link.write.1.tlog
